2023/01/07 23:26:10 {"callers":["F:/go_project_all/gorm_pro/blog-service/main.go: 36 main.init.0"],"level":"info","message":"eddycjy: go-programming-tour-book/blog-service","time":1673105170732077900}
2023/01/07 23:43:37 {"callers":["F:/go_project_all/gorm_pro/blog-service/main.go: 36 main.init.0"],"level":"info","message":"eddycjy: go-programming-tour-book/blog-service","time":1673106217758900300}
2023/01/08 15:35:42 {"callers":["F:/go_project_all/gorm_pro/blog-service/main.go: 39 main.init.0"],"level":"info","message":"eddycjy: go-programming-tour-book/blog-service","time":1673163342333254600}
2023/01/08 16:26:41 {"callers":["F:/go_project_all/gorm_pro/blog-service/main.go: 39 main.init.0"],"level":"info","message":"eddycjy: go-programming-tour-book/blog-service","time":1673166401286818800}
2023/01/08 16:33:17 {"callers":["F:/go_project_all/gorm_pro/blog-service/main.go: 39 main.init.0"],"level":"error","message":"app.BindAndValid errs: State必须是[0 1]中的一个","time":1673166797553950200}
2023/01/08 18:25:48 {"callers":["F:/go_project_all/gorm_pro/blog-service/main.go: 44 main.init.0"],"level":"info","message":"eddycjy: go-programming-tour-book/blog-service","time":1673173548857677200}
2023/01/08 18:27:32 {"callers":["F:/go_project_all/gorm_pro/blog-service/main.go: 44 main.init.0"],"level":"error","message":"app.BindAndValid errs: Key: 'CreateTagRequest.Name' Error:Field validation for 'Name' failed on the 'required' tag,Key: 'CreateTagRequest.CreatedBy' Error:Field validation for 'CreatedBy' failed on the 'required' tag","time":1673173652270110200}
2023/01/08 18:28:03 {"callers":["F:/go_project_all/gorm_pro/blog-service/main.go: 44 main.init.0"],"level":"error","message":"app.BindAndValid errs: Key: 'CreateTagRequest.Name' Error:Field validation for 'Name' failed on the 'min' tag","time":1673173683318731700}
2023/01/08 18:29:26 {"callers":["F:/go_project_all/gorm_pro/blog-service/main.go: 44 main.init.0"],"level":"error","message":"app.BindAndValid errs: Key: 'CreateTagRequest.Name' Error:Field validation for 'Name' failed on the 'min' tag","time":1673173766832091700}
2023/01/08 18:31:43 {"callers":["F:/go_project_all/gorm_pro/blog-service/main.go: 44 main.init.0"],"level":"error","message":"app.BindAndValid errs: Key: 'UpdateTagRequest.Name' Error:Field validation for 'Name' failed on the 'min' tag,Key: 'UpdateTagRequest.State' Error:Field validation for 'State' failed on the 'required' tag","time":1673173903660478100}
2023/01/08 18:34:17 {"callers":["F:/go_project_all/gorm_pro/blog-service/main.go: 44 main.init.0"],"level":"info","message":"eddycjy: go-programming-tour-book/blog-service","time":1673174057418105400}
2023/01/08 18:34:39 {"callers":["F:/go_project_all/gorm_pro/blog-service/main.go: 44 main.init.0"],"level":"error","message":"app.BindAndValid errs: Key: 'UpdateTagRequest.Name' Error:Field validation for 'Name' failed on the 'min' tag,Key: 'UpdateTagRequest.State' Error:Field validation for 'State' failed on the 'required' tag","time":1673174079099032400}
2023/01/08 18:35:09 {"callers":["F:/go_project_all/gorm_pro/blog-service/main.go: 44 main.init.0"],"level":"info","message":"eddycjy: go-programming-tour-book/blog-service","time":1673174109247339800}
2023/01/08 18:35:53 {"callers":["F:/go_project_all/gorm_pro/blog-service/main.go: 44 main.init.0"],"level":"error","message":"app.BindAndValid errs: Key: 'UpdateTagRequest.Name' Error:Field validation for 'Name' failed on the 'min' tag,Key: 'UpdateTagRequest.State' Error:Field validation for 'State' failed on the 'required' tag","time":1673174153580030000}
2023/01/08 18:36:14 {"callers":["F:/go_project_all/gorm_pro/blog-service/main.go: 44 main.init.0"],"level":"error","message":"app.BindAndValid errs: Key: 'UpdateTagRequest.State' Error:Field validation for 'State' failed on the 'required' tag","time":1673174174285422800}
2023/01/08 18:37:18 {"callers":["F:/go_project_all/gorm_pro/blog-service/main.go: 44 main.init.0"],"level":"info","message":"eddycjy: go-programming-tour-book/blog-service","time":1673174238463411600}
2023/01/08 18:38:28 {"callers":["F:/go_project_all/gorm_pro/blog-service/main.go: 44 main.init.0"],"level":"error","message":"app.BindAndValid errs: Key: 'UpdateTagRequest.State' Error:Field validation for 'State' failed on the 'required' tag","time":1673174308602488700}
2023/01/08 18:38:53 {"callers":["F:/go_project_all/gorm_pro/blog-service/main.go: 44 main.init.0"],"level":"info","message":"eddycjy: go-programming-tour-book/blog-service","time":1673174333394615500}
2023/01/08 18:39:00 {"callers":["F:/go_project_all/gorm_pro/blog-service/main.go: 44 main.init.0"],"level":"error","message":"app.BindAndValid errs: Key: 'UpdateTagRequest.State' Error:Field validation for 'State' failed on the 'required' tag","time":1673174340852573100}
2023/01/08 18:40:29 {"callers":["F:/go_project_all/gorm_pro/blog-service/main.go: 44 main.init.0"],"level":"info","message":"eddycjy: go-programming-tour-book/blog-service","time":1673174429274426200}
2023/01/08 18:44:58 {"callers":["F:/go_project_all/gorm_pro/blog-service/main.go: 44 main.init.0"],"level":"info","message":"eddycjy: go-programming-tour-book/blog-service","time":1673174698899345000}
2023/01/08 18:45:55 {"callers":["F:/go_project_all/gorm_pro/blog-service/main.go: 44 main.init.0"],"level":"info","message":"eddycjy: go-programming-tour-book/blog-service","time":1673174755811702100}
2023/01/08 18:46:16 {"callers":["F:/go_project_all/gorm_pro/blog-service/main.go: 44 main.init.0"],"level":"error","message":"app.BindAndValid errs: Key: 'UpdateTagRequest.Name' Error:Field validation for 'Name' failed on the 'min' tag","time":1673174776617969100}
